=== ANÁLISIS LÉXICO ===
TOKEN			LEXEMA		LINEA		COLUMNA
----------------------------------------
LET                      	let            	1	1
STRING                   	string         	1	5
IDENTIFIER               	_s1_           	1	12
DELIMITER                	$              	1	16
LET                      	let            	2	1
BOOL                     	bool           	2	5
IDENTIFIER               	_b1_           	2	10
DELIMITER                	$              	2	14
INT                      	int            	4	1
IDENTIFIER               	funcPrueba     	4	5
LEFT_PAREN               	є              	4	16
RIGHT_PAREN              	э              	4	18
LEFT_BLOCK               	¿              	4	20
LET                      	let            	5	5
INT                      	int            	5	9
IDENTIFIER               	x              	5	13
ASSIGN                   	=              	5	15
INT_LITERAL              	0              	5	17
DELIMITER                	$              	5	18
LET                      	let            	6	5
INT                      	int            	6	9
IDENTIFIER               	y              	6	13
ASSIGN                   	=              	6	15
IDENTIFIER               	x              	6	17
INCREMENT                	++             	6	18
PLUS_OPERATOR            	+              	6	21
INT_LITERAL              	5              	6	23
DELIMITER                	$              	6	24
RETURN                   	return         	7	5
INT_LITERAL              	42             	7	12
DELIMITER                	$              	7	14
RIGHT_BLOCK              	?              	8	1
INT                      	int            	10	1
IDENTIFIER               	func1          	10	5
LEFT_PAREN               	є              	10	11
CHAR                     	char           	10	13
IDENTIFIER               	x22            	10	18
COMMA                    	,              	10	21
CHAR                     	char           	10	23
IDENTIFIER               	x23            	10	28
RIGHT_PAREN              	э              	10	32
LEFT_BLOCK               	¿              	10	34
LET                      	let            	11	5
INT                      	int            	11	9
IDENTIFIER               	numero         	11	13
DELIMITER                	$              	11	19
LET                      	let            	12	5
CHAR                     	char           	12	9
IDENTIFIER               	letra          	12	14
DELIMITER                	$              	12	19
IDENTIFIER               	numero         	13	5
ASSIGN                   	=              	13	12
INT_LITERAL              	10             	13	14
DELIMITER                	$              	13	16
IDENTIFIER               	letra          	14	5
ASSIGN                   	=              	14	11
CHAR_LITERAL             	'a'            	14	13
DELIMITER                	$              	14	16
OUTPUT                   	output         	15	5
IDENTIFIER               	numero         	15	12
DELIMITER                	$              	15	18
LET                      	let            	16	5
INT                      	int            	16	9
IDENTIFIER               	numS           	16	13
ASSIGN                   	=              	16	18
IDENTIFIER               	numero         	16	20
MINUS_OPERATOR           	-              	16	27
INT_LITERAL              	1              	16	29
MULT_OPERATOR            	*              	16	31
IDENTIFIER               	numero         	16	33
PLUS_OPERATOR            	+              	16	40
IDENTIFIER               	numero         	16	42
DELIMITER                	$              	16	48
OUTPUT                   	output         	17	5
IDENTIFIER               	numS           	17	12
DELIMITER                	$              	17	16
LET                      	let            	18	5
FLOAT                    	float          	18	9
IDENTIFIER               	a              	18	15
ASSIGN                   	=              	18	17
FLOAT_LITERAL            	0.01           	18	19
DELIMITER                	$              	18	23
LET                      	let            	19	5
CHAR                     	char           	19	9
IDENTIFIER               	_miChar_       	19	14
ASSIGN                   	=              	19	23
CHAR_LITERAL             	'!'            	19	25
DELIMITER                	$              	19	28
LET                      	let            	20	5
CHAR                     	char           	20	9
IDENTIFIER               	_miChar2_      	20	14
ASSIGN                   	=              	20	24
CHAR_LITERAL             	'@'            	20	26
DELIMITER                	$              	20	29
LET                      	let            	21	5
INT                      	int            	21	9
IDENTIFIER               	x30            	21	13
ASSIGN                   	=              	21	17
INT_LITERAL              	1              	21	19
DELIMITER                	$              	21	20
LET                      	let            	22	5
BOOL                     	bool           	22	9
IDENTIFIER               	_x40_          	22	14
ASSIGN                   	=              	22	20
BOOL_LITERAL             	False          	22	22
DELIMITER                	$              	22	27
LET                      	let            	23	5
INT                      	int            	23	9
IDENTIFIER               	pesito         	23	13
ASSIGN                   	=              	23	20
INT_LITERAL              	3              	23	22
DELIMITER                	$              	23	23
LET                      	let            	24	5
INT                      	int            	24	9
IDENTIFIER               	_x50_          	24	13
UNKNOWN                  	[              	24	18
INT_LITERAL              	2              	24	19
PLUS_OPERATOR            	+              	24	20
IDENTIFIER               	pesito         	24	21
UNKNOWN                  	]              	24	27
ASSIGN                   	=              	24	29
LEFT_BLOCK               	¿              	24	31
INT_LITERAL              	4              	24	32
COMMA                    	,              	24	33
INT_LITERAL              	5              	24	35
RIGHT_BLOCK              	?              	24	36
DELIMITER                	$              	24	37
LET                      	let            	25	5
STRING                   	string         	25	9
IDENTIFIER               	_x51_          	25	16
ASSIGN                   	=              	25	22
STRING_LITERAL           	"Hola a todos los que estan haciendo un compilador nuevo"	25	24
DELIMITER                	$              	25	81
DECIDE                   	decide         	27	5
UNKNOWN                  	of             	27	12
LEFT_PAREN               	є              	28	5
IDENTIFIER               	x30            	28	7
LESS_EQUAL               	<=             	28	11
INT_LITERAL              	45             	28	14
AND                      	@              	28	17
LEFT_PAREN               	є              	28	19
IDENTIFIER               	a              	28	21
GREATER                  	>              	28	23
FLOAT_LITERAL            	0.006          	28	25
RIGHT_PAREN              	э              	28	31
RIGHT_PAREN              	э              	28	33
MINUS_OPERATOR           	-              	28	35
GREATER                  	>              	28	36
LEFT_BLOCK               	¿              	28	38
LET                      	let            	29	9
INT                      	int            	29	13
IDENTIFIER               	y              	29	17
DELIMITER                	$              	29	18
IDENTIFIER               	x23            	30	9
ASSIGN                   	=              	30	13
CHAR_LITERAL             	'a'            	30	15
DELIMITER                	$              	30	18
LET                      	let            	31	9
CHAR                     	char           	31	13
IDENTIFIER               	ch33           	31	18
ASSIGN                   	=              	31	23
CHAR_LITERAL             	'a'            	31	25
DELIMITER                	$              	31	28
RIGHT_BLOCK              	?              	32	5
LEFT_PAREN               	є              	33	5
IDENTIFIER               	x30            	33	7
GREATER_EQUAL            	>=             	33	11
INT_LITERAL              	3              	33	14
RIGHT_PAREN              	э              	33	16
MINUS_OPERATOR           	-              	33	18
GREATER                  	>              	33	19
LEFT_BLOCK               	¿              	33	21
LET                      	let            	34	9
INT                      	int            	34	13
IDENTIFIER               	y              	34	17
DELIMITER                	$              	34	18
IDENTIFIER               	x30            	35	9
ASSIGN                   	=              	35	13
INT_LITERAL              	10             	35	15
DELIMITER                	$              	35	17
LET                      	let            	36	9
CHAR                     	char           	36	13
IDENTIFIER               	ch33           	36	18
ASSIGN                   	=              	36	23
CHAR_LITERAL             	'a'            	36	25
DELIMITER                	$              	36	28
RIGHT_BLOCK              	?              	37	5
ELSE                     	else           	38	5
MINUS_OPERATOR           	-              	38	10
GREATER                  	>              	38	11
LEFT_BLOCK               	¿              	38	13
LET                      	let            	39	9
INT                      	int            	39	13
IDENTIFIER               	y              	39	17
DELIMITER                	$              	39	18
LET                      	let            	40	9
STRING                   	string         	40	13
IDENTIFIER               	str2           	40	20
ASSIGN                   	=              	40	25
STRING_LITERAL           	"sdff"         	40	27
DELIMITER                	$              	40	33
RIGHT_BLOCK              	?              	41	5
UNKNOWN                  	end            	42	5
DECIDE                   	decide         	42	9
DELIMITER                	$              	42	15
LET                      	let            	44	5
INT                      	int            	44	9
IDENTIFIER               	_i_            	44	13
DELIMITER                	$              	44	16
FOR                      	for            	45	5
IDENTIFIER               	_i_            	45	9
ASSIGN                   	=              	45	13
INT_LITERAL              	0              	45	15
DELIMITER                	$              	45	16
STEP                     	step           	45	18
INT_LITERAL              	1              	45	23
TO                       	to             	45	25
INT_LITERAL              	10             	45	28
DO                       	do             	45	31
LEFT_BLOCK               	¿              	45	34
OUTPUT                   	output         	46	9
IDENTIFIER               	_i_            	46	16
DELIMITER                	$              	46	19
RIGHT_BLOCK              	?              	47	5
LET                      	let            	49	5
INT                      	int            	49	9
IDENTIFIER               	_x_            	49	13
DELIMITER                	$              	49	16
FOR                      	for            	50	5
IDENTIFIER               	_x_            	50	9
ASSIGN                   	=              	50	13
INT_LITERAL              	0              	50	15
DELIMITER                	$              	50	16
STEP                     	step           	50	18
INT_LITERAL              	2              	50	23
TO                       	to             	50	25
INT_LITERAL              	11             	50	28
DO                       	do             	50	31
LEFT_BLOCK               	¿              	50	34
OUTPUT                   	output         	51	9
IDENTIFIER               	_x_            	51	16
DELIMITER                	$              	51	19
RIGHT_BLOCK              	?              	52	5
OUTPUT                   	output         	54	5
STRING_LITERAL           	"Hola mundo"   	54	12
DELIMITER                	$              	54	24
RETURN                   	return         	55	5
INT_LITERAL              	56             	55	12
DELIMITER                	$              	55	14
RIGHT_BLOCK              	?              	56	1
BOOL                     	bool           	58	1
IDENTIFIER               	func2          	58	6
LEFT_PAREN               	є              	58	12
BOOL                     	bool           	58	14
IDENTIFIER               	b1             	58	19
COMMA                    	,              	58	21
INT                      	int            	58	23
IDENTIFIER               	i1             	58	27
RIGHT_PAREN              	э              	58	30
LEFT_BLOCK               	¿              	58	32
LET                      	let            	59	5
INT                      	int            	59	9
IDENTIFIER               	id             	59	13
ASSIGN                   	=              	59	16
INT_LITERAL              	5              	59	18
DELIMITER                	$              	59	19
RETURN                   	return         	60	5
IDENTIFIER               	b1             	60	12
DELIMITER                	$              	60	14
RIGHT_BLOCK              	?              	61	1
VOID                     	void           	65	1
PRINCIPAL                	principal      	65	6
LEFT_PAREN               	є              	65	16
RIGHT_PAREN              	э              	65	18
LEFT_BLOCK               	¿              	65	20
LET                      	let            	69	5
CHAR                     	char           	69	9
IDENTIFIER               	miChar         	69	14
ASSIGN                   	=              	69	21
CHAR_LITERAL             	'!'            	69	23
DELIMITER                	$              	69	26
LET                      	let            	70	5
CHAR                     	char           	70	9
IDENTIFIER               	miChar2        	70	14
ASSIGN                   	=              	70	22
CHAR_LITERAL             	'@'            	70	24
DELIMITER                	$              	70	27
LET                      	let            	71	5
STRING                   	string         	71	9
IDENTIFIER               	str1           	71	16
ASSIGN                   	=              	71	21
STRING_LITERAL           	"Mi string 1"  	71	23
DELIMITER                	$              	71	36
LET                      	let            	72	5
FLOAT                    	float          	72	9
IDENTIFIER               	fl1            	72	15
DELIMITER                	$              	72	18
LET                      	let            	73	5
INT                      	int            	73	9
IDENTIFIER               	w              	73	13
DELIMITER                	$              	73	14
LET                      	let            	74	5
FLOAT                    	float          	74	9
IDENTIFIER               	f              	74	15
DELIMITER                	$              	74	16
IDENTIFIER               	fl1            	75	5
ASSIGN                   	=              	75	9
FLOAT_LITERAL            	56.6           	75	11
DELIMITER                	$              	75	15
IDENTIFIER               	w              	76	5
ASSIGN                   	=              	76	7
INT_LITERAL              	10             	76	9
DELIMITER                	$              	76	11
IDENTIFIER               	f              	77	5
ASSIGN                   	=              	77	7
FLOAT_LITERAL            	3.5            	77	9
DELIMITER                	$              	77	12
LET                      	let            	78	5
INT                      	int            	78	9
IDENTIFIER               	in1            	78	13
ASSIGN                   	=              	78	17
IDENTIFIER               	w              	78	19
MINUS_OPERATOR           	-              	78	21
INT_LITERAL              	14             	78	23
MOD_OPERATOR             	%              	78	26
IDENTIFIER               	w              	78	28
PLUS_OPERATOR            	+              	78	30
INT_LITERAL              	7              	78	32
INT_DIV_OPERATOR         	//             	78	34
INT_LITERAL              	15             	78	37
DELIMITER                	$              	78	39
LET                      	let            	79	5
FLOAT                    	float          	79	9
IDENTIFIER               	fl2            	79	15
ASSIGN                   	=              	79	19
FLOAT_LITERAL            	3.7            	79	21
MULT_OPERATOR            	*              	79	25
IDENTIFIER               	fl1            	79	27
PLUS_OPERATOR            	+              	79	31
FLOAT_LITERAL            	45.6           	79	33
DIV_OPERATOR             	/              	79	38
FLOAT_LITERAL            	7.6            	79	40
DELIMITER                	$              	79	43
LET                      	let            	81	5
INT                      	int            	81	9
IDENTIFIER               	arr            	81	13
UNKNOWN                  	[              	81	16
INT_LITERAL              	1000           	81	17
UNKNOWN                  	]              	81	21
ASSIGN                   	=              	81	23
LEFT_BLOCK               	¿              	81	25
INT_LITERAL              	4              	81	26
COMMA                    	,              	81	27
INT_LITERAL              	5              	81	29
RIGHT_BLOCK              	?              	81	30
DELIMITER                	$              	81	31
IDENTIFIER               	arr            	82	5
UNKNOWN                  	[              	82	8
INT_LITERAL              	66             	82	9
PLUS_OPERATOR            	+              	82	12
IDENTIFIER               	w              	82	14
UNKNOWN                  	]              	82	15
ASSIGN                   	=              	82	17
INT_LITERAL              	10             	82	19
MINUS_OPERATOR           	-              	82	22
IDENTIFIER               	arr            	82	24
UNKNOWN                  	[              	82	27
INT_LITERAL              	67             	82	28
PLUS_OPERATOR            	+              	82	31
IDENTIFIER               	w              	82	33
UNKNOWN                  	]              	82	34
MULT_OPERATOR            	*              	82	36
IDENTIFIER               	func1          	82	38
LEFT_PAREN               	є              	82	43
IDENTIFIER               	miChar         	82	45
COMMA                    	,              	82	51
CHAR_LITERAL             	'a'            	82	53
RIGHT_PAREN              	э              	82	57
DELIMITER                	$              	82	58
IDENTIFIER               	fl1            	83	5
ASSIGN                   	=              	83	9
FLOAT_LITERAL            	4.5            	83	11
DIV_OPERATOR             	/              	83	15
IDENTIFIER               	f              	83	17
DELIMITER                	$              	83	18
LET                      	let            	84	5
INT                      	int            	84	9
IDENTIFIER               	a              	84	13
ASSIGN                   	=              	84	15
IDENTIFIER               	funcPrueba     	84	17
LEFT_PAREN               	є              	84	28
RIGHT_PAREN              	э              	84	30
DELIMITER                	$              	84	31
LET                      	let            	85	5
BOOL                     	bool           	85	9
IDENTIFIER               	bl0            	85	14
ASSIGN                   	=              	85	18
FLOAT_LITERAL            	6.7            	85	20
NOT_EQUAL                	!=             	85	24
FLOAT_LITERAL            	8.9            	85	27
DELIMITER                	$              	85	30
IDENTIFIER               	bl0            	86	5
ASSIGN                   	=              	86	9
BOOL_LITERAL             	True           	86	11
NOT_EQUAL                	!=             	86	16
BOOL_LITERAL             	False          	86	19
DELIMITER                	$              	86	24
LET                      	let            	87	5
BOOL                     	bool           	87	9
IDENTIFIER               	bl1            	87	14
ASSIGN                   	=              	87	18
IDENTIFIER               	f              	87	20
GREATER_EQUAL            	>=             	87	22
IDENTIFIER               	fl1            	87	25
OR                       	~              	87	29
BOOL_LITERAL             	False          	87	31
DELIMITER                	$              	87	36
LOOP                     	loop           	89	5
LET                      	let            	90	9
INT                      	int            	90	13
IDENTIFIER               	_loop_i_       	90	17
DELIMITER                	$              	90	25
FOR                      	for            	91	9
IDENTIFIER               	_loop_i_       	91	13
ASSIGN                   	=              	91	22
INT_LITERAL              	0              	91	24
DELIMITER                	$              	91	25
STEP                     	step           	91	27
INT_LITERAL              	1              	91	32
TO                       	to             	91	34
INT_LITERAL              	10             	91	37
DO                       	do             	91	40
LEFT_BLOCK               	¿              	91	43
OUTPUT                   	output         	92	13
IDENTIFIER               	_loop_i_       	92	20
DELIMITER                	$              	92	28
RIGHT_BLOCK              	?              	93	9
EXIT                     	exit           	94	5
WHEN                     	when           	94	10
LEFT_PAREN               	є              	94	15
IDENTIFIER               	f              	94	17
GREATER                  	>              	94	19
FLOAT_LITERAL            	12.2           	94	21
AND                      	@              	94	26
NOT                      	Σ              	94	28
LEFT_PAREN               	є              	94	30
INT_LITERAL              	12             	94	32
GREATER                  	>              	94	35
LEFT_PAREN               	є              	94	37
INT_LITERAL              	34             	94	39
PLUS_OPERATOR            	+              	94	42
INT_LITERAL              	35             	94	44
RIGHT_PAREN              	э              	94	47
RIGHT_PAREN              	э              	94	49
RIGHT_PAREN              	э              	94	51
DELIMITER                	$              	94	52
UNKNOWN                  	end            	95	5
LOOP                     	loop           	95	9
DELIMITER                	$              	95	13
RIGHT_BLOCK              	?              	96	1
----------------------------------------------------------
=== FIN DEL ANÁLISIS ===
✓ Sin errores léxicos
