=== ANÁLISIS LÉXICO ===
TOKEN			LEXEMA		LINEA		COLUMNA
----------------------------------------
LET                      	let            	2	1
STRING                   	string         	2	5
IDENTIFIER               	_s1_           	2	12
DELIMITER                	$              	2	16
LET                      	let            	3	1
BOOL                     	bool           	3	5
IDENTIFIER               	_b1_           	3	10
DELIMITER                	$              	3	14
INT                      	int            	4	1
IDENTIFIER               	funcPrueba     	4	5
LEFT_PAREN               	є              	4	16
RIGHT_PAREN              	э              	4	18
LEFT_BLOCK               	¿              	4	19
RIGHT_BLOCK              	?              	4	20
INT                      	int            	5	1
IDENTIFIER               	func1          	5	5
LEFT_PAREN               	є              	5	11
CHAR                     	char           	5	13
IDENTIFIER               	x22            	5	18
COMMA                    	,              	5	21
CHAR                     	char           	5	22
IDENTIFIER               	x22            	5	27
RIGHT_PAREN              	э              	5	31
LEFT_BLOCK               	¿              	5	34
LET                      	let            	7	2
INT                      	int            	7	6
IDENTIFIER               	numero         	7	10
DELIMITER                	$              	7	16
LET                      	let            	7	18
CHAR                     	char           	7	22
IDENTIFIER               	letra          	7	27
DELIMITER                	$              	7	32
IDENTIFIER               	numero         	8	2
ASSIGN                   	=              	8	9
INT_LITERAL              	10             	8	11
DELIMITER                	$              	8	13
IDENTIFIER               	letra          	9	2
ASSIGN                   	=              	9	8
CHAR_LITERAL             	'a'            	9	10
DELIMITER                	$              	9	13
OUTPUT                   	output         	10	2
IDENTIFIER               	numero         	10	10
DELIMITER                	$              	10	18
OUTPUT                   	output         	11	2
IDENTIFIER               	letra          	11	10
DELIMITER                	$              	11	17
LET                      	let            	12	2
INT                      	int            	12	6
IDENTIFIER               	numS           	12	10
ASSIGN                   	=              	12	15
IDENTIFIER               	numero         	12	17
MINUS_OPERATOR           	-              	12	24
INT_LITERAL              	1              	12	26
MULT_OPERATOR            	*              	12	28
IDENTIFIER               	numero         	12	30
PLUS_OPERATOR            	+              	12	37
IDENTIFIER               	numero         	12	39
DELIMITER                	$              	12	46
OUTPUT                   	output         	13	2
IDENTIFIER               	numS           	13	10
DELIMITER                	$              	13	16
LET                      	let            	15	2
FLOAT                    	float          	15	6
IDENTIFIER               	a              	15	12
ASSIGN                   	=              	15	14
FLOAT_LITERAL            	-0.01          	15	16
DELIMITER                	$              	15	21
LET                      	let            	16	2
CHAR                     	char           	16	6
IDENTIFIER               	x22            	16	11
ASSIGN                   	=              	16	14
CHAR_LITERAL             	'a'            	16	16
DELIMITER                	$              	16	19
LET                      	let            	17	2
CHAR                     	char           	17	6
IDENTIFIER               	_miChar_       	17	11
ASSIGN                   	=              	17	19
CHAR_LITERAL             	'!'            	17	21
DELIMITER                	$              	17	24
LET                      	let            	18	2
CHAR                     	char           	18	6
IDENTIFIER               	_miChar2_      	18	11
ASSIGN                   	=              	18	20
CHAR_LITERAL             	'!'            	18	22
DELIMITER                	$              	18	25
LET                      	let            	19	2
INT                      	int            	19	6
IDENTIFIER               	x30            	19	10
ASSIGN                   	=              	19	14
INT_LITERAL              	-1             	19	15
DELIMITER                	$              	19	17
LET                      	let            	20	2
BOOL                     	bool           	20	6
IDENTIFIER               	_x40_          	20	11
ASSIGN                   	=              	20	16
BOOL_LITERAL             	False          	20	17
DELIMITER                	$              	20	22
LET                      	let            	21	2
INT                      	int            	21	6
IDENTIFIER               	_x50_          	21	10
UNKNOWN                  	[              	21	15
INT_LITERAL              	1000           	21	16
UNKNOWN                  	]              	21	20
ASSIGN                   	=              	21	22
LEFT_BLOCK               	¿              	21	24
INT_LITERAL              	4              	21	25
COMMA                    	,              	21	26
INT_LITERAL              	5              	21	27
RIGHT_BLOCK              	?              	21	28
DELIMITER                	$              	21	29
LET                      	let            	22	2
STRING                   	string         	22	6
IDENTIFIER               	_x50_          	22	13
ASSIGN                   	=              	22	18
STRING_LITERAL           	"Hola a todos los que est[a] haciendo un compilador nuevo¿n"	22	19
DELIMITER                	$              	22	79
DECIDE                   	decide         	23	2
UNKNOWN                  	of             	23	9
LEFT_PAREN               	є              	24	2
IDENTIFIER               	x30            	24	4
LESS_EQUAL               	<=             	24	7
INT_LITERAL              	45             	24	9
AND                      	@              	24	12
IDENTIFIER               	a              	24	14
GREATER                  	>              	24	15
FLOAT_LITERAL            	5.6            	24	16
RIGHT_PAREN              	э              	24	20
MINUS_OPERATOR           	-              	24	22
GREATER                  	>              	24	23
LEFT_BLOCK               	¿              	24	26
LET                      	let            	25	3
INT                      	int            	25	7
IDENTIFIER               	y              	25	11
DELIMITER                	$              	25	12
IDENTIFIER               	x22            	26	3
ASSIGN                   	=              	26	6
CHAR_LITERAL             	'a'            	26	7
DELIMITER                	$              	26	10
LET                      	let            	27	3
CHAR                     	char           	27	7
IDENTIFIER               	ch33           	27	12
ASSIGN                   	=              	27	16
CHAR_LITERAL             	'a'            	27	17
DELIMITER                	$              	27	20
RIGHT_BLOCK              	?              	28	3
LEFT_PAREN               	є              	29	2
IDENTIFIER               	x30            	29	4
GREATER_EQUAL            	>=             	29	7
INT_LITERAL              	3              	29	9
RIGHT_PAREN              	э              	29	11
MINUS_OPERATOR           	-              	29	13
GREATER                  	>              	29	14
LEFT_BLOCK               	¿              	29	17
LET                      	let            	30	3
INT                      	int            	30	7
IDENTIFIER               	y              	30	11
DELIMITER                	$              	30	12
IDENTIFIER               	x30            	31	3
ASSIGN                   	=              	31	6
INT_LITERAL              	10             	31	7
DELIMITER                	$              	31	9
LET                      	let            	32	3
CHAR                     	char           	32	7
IDENTIFIER               	ch33           	32	12
ASSIGN                   	=              	32	16
CHAR_LITERAL             	'a'            	32	17
DELIMITER                	$              	32	20
RIGHT_BLOCK              	?              	33	2
ELSE                     	else           	34	2
MINUS_OPERATOR           	-              	34	7
GREATER                  	>              	34	8
LEFT_BLOCK               	¿              	34	10
LET                      	let            	35	3
INT                      	int            	35	7
IDENTIFIER               	y              	35	11
DELIMITER                	$              	35	12
LET                      	let            	36	3
STRING                   	string         	36	7
IDENTIFIER               	str2           	36	14
ASSIGN                   	=              	36	18
STRING_LITERAL           	"sdff"         	36	19
DELIMITER                	$              	36	25
RIGHT_BLOCK              	?              	37	3
UNKNOWN                  	end            	38	2
DECIDE                   	decide         	38	6
DELIMITER                	$              	38	12
LET                      	let            	39	9
INT                      	int            	39	13
IDENTIFIER               	_i_            	39	17
DELIMITER                	$              	39	20
FOR                      	for            	40	2
IDENTIFIER               	_i_            	40	6
ASSIGN                   	=              	40	9
INT_LITERAL              	0              	40	11
DELIMITER                	$              	40	12
STEP                     	step           	40	14
INT_LITERAL              	1              	40	19
TO                       	to             	40	21
INT_LITERAL              	10             	40	24
DO                       	do             	40	27
LEFT_BLOCK               	¿              	40	31
OUTPUT                   	output         	40	33
IDENTIFIER               	_i_            	40	41
DELIMITER                	$              	40	46
RIGHT_BLOCK              	?              	40	48
OUTPUT                   	output         	41	2
STRING_LITERAL           	"Hola mundo"   	41	10
DELIMITER                	$              	41	24
INPUT                    	input          	42	2
IDENTIFIER               	_x22_          	42	9
DELIMITER                	$              	42	16
RETURN                   	return         	43	2
INT_LITERAL              	-56            	43	9
DELIMITER                	$              	43	12
RIGHT_BLOCK              	?              	44	2
BOOL                     	bool           	46	2
IDENTIFIER               	func2          	46	7
LEFT_PAREN               	є              	46	14
BOOL                     	bool           	46	16
IDENTIFIER               	_b1_           	46	21
COMMA                    	,              	46	25
INT                      	int            	46	27
IDENTIFIER               	_i1_           	46	31
RIGHT_PAREN              	э              	46	36
LEFT_BLOCK               	¿              	46	40
LET                      	let            	47	2
INT                      	int            	47	6
IDENTIFIER               	id             	47	10
DELIMITER                	$              	47	12
RETURN                   	return         	48	2
BOOL_LITERAL             	False          	48	9
AND                      	@              	48	15
BOOL_LITERAL             	True           	48	17
DELIMITER                	$              	48	21
RIGHT_BLOCK              	?              	49	3
STRING                   	string         	51	1
IDENTIFIER               	_func3_        	51	8
LEFT_PAREN               	є              	51	17
RIGHT_PAREN              	э              	51	20
LEFT_BLOCK               	¿              	51	24
LET                      	let            	52	2
STRING                   	string         	52	6
IDENTIFIER               	_b1_           	52	13
DELIMITER                	$              	52	17
RETURN                   	return         	53	2
IDENTIFIER               	_b1_           	53	9
DELIMITER                	$              	53	13
RIGHT_BLOCK              	?              	54	3
VOID                     	void           	56	1
PRINCIPAL                	principal      	56	6
LEFT_PAREN               	є              	56	16
RIGHT_PAREN              	э              	56	19
LEFT_BLOCK               	¿              	56	22
LET                      	let            	60	2
CHAR                     	char           	60	6
IDENTIFIER               	miChar         	60	11
ASSIGN                   	=              	60	17
CHAR_LITERAL             	'!'            	60	18
DELIMITER                	$              	60	21
LET                      	let            	61	2
CHAR                     	char           	61	6
IDENTIFIER               	miChar2        	61	11
ASSIGN                   	=              	61	18
CHAR_LITERAL             	'!'            	61	19
DELIMITER                	$              	61	22
LET                      	let            	62	2
STRING                   	string         	62	6
IDENTIFIER               	str1           	62	13
ASSIGN                   	=              	62	17
STRING_LITERAL           	"Mi string 1"  	62	18
DELIMITER                	$              	62	31
LET                      	let            	63	2
FLOAT                    	float          	63	6
IDENTIFIER               	fl1            	63	12
DELIMITER                	$              	63	15
LET                      	let            	64	9
INT                      	int            	64	13
IDENTIFIER               	w              	64	17
DELIMITER                	$              	64	18
LET                      	let            	65	9
FLOAT                    	float          	65	13
IDENTIFIER               	f              	65	19
DELIMITER                	$              	65	20
LET                      	let            	66	2
FLOAT                    	float          	66	6
IDENTIFIER               	fl1            	66	12
ASSIGN                   	=              	66	15
FLOAT_LITERAL            	56.6           	66	16
DELIMITER                	$              	66	20
LET                      	let            	67	2
INT                      	int            	67	6
IDENTIFIER               	in1            	67	10
ASSIGN                   	=              	67	13
IDENTIFIER               	w              	67	14
DECREMENT                	--             	67	15
MINUS_OPERATOR           	-              	67	17
INT_LITERAL              	-14            	67	19
MOD_OPERATOR             	%              	67	22
IDENTIFIER               	w              	67	23
INCREMENT                	++             	67	25
PLUS_OPERATOR            	+              	67	27
INT_LITERAL              	7              	67	29
INT_DIV_OPERATOR         	//             	67	31
INT_LITERAL              	15             	67	34
DELIMITER                	$              	67	36
LET                      	let            	68	2
FLOAT                    	float          	68	6
IDENTIFIER               	fl2            	68	12
ASSIGN                   	=              	68	15
FLOAT_LITERAL            	3.7            	68	16
POWER_OPERATOR           	^              	68	20
IDENTIFIER               	fl1            	68	22
INCREMENT                	++             	68	25
PLUS_OPERATOR            	+              	68	27
LEFT_PAREN               	є              	68	29
FLOAT_LITERAL            	45.6           	68	31
MOD_OPERATOR             	%              	68	36
FLOAT_LITERAL            	7.6            	68	38
RIGHT_PAREN              	э              	68	42
DELIMITER                	$              	68	44
LET                      	let            	71	9
INT                      	int            	71	13
IDENTIFIER               	arr            	71	17
UNKNOWN                  	[              	71	21
INT_LITERAL              	1000           	71	22
UNKNOWN                  	]              	71	26
ASSIGN                   	=              	71	28
LEFT_BLOCK               	¿              	71	30
INT_LITERAL              	4              	71	31
COMMA                    	,              	71	32
INT_LITERAL              	5              	71	33
RIGHT_BLOCK              	?              	71	34
DELIMITER                	$              	71	35
IDENTIFIER               	arr            	72	2
UNKNOWN                  	[              	72	5
INT_LITERAL              	67             	72	6
PLUS_OPERATOR            	+              	72	8
IDENTIFIER               	w              	72	9
UNKNOWN                  	]              	72	10
ASSIGN                   	=              	72	12
INT_LITERAL              	10             	72	14
MINUS_OPERATOR           	-              	72	17
IDENTIFIER               	arr            	72	19
UNKNOWN                  	[              	72	22
INT_LITERAL              	67             	72	23
PLUS_OPERATOR            	+              	72	25
IDENTIFIER               	w              	72	26
UNKNOWN                  	]              	72	27
MULT_OPERATOR            	*              	72	30
IDENTIFIER               	func1          	72	32
LEFT_PAREN               	є              	72	39
IDENTIFIER               	miChar         	72	42
COMMA                    	,              	72	48
CHAR_LITERAL             	'a'            	72	49
RIGHT_PAREN              	э              	72	53
DELIMITER                	$              	72	55
IDENTIFIER               	fl1            	73	2
ASSIGN                   	=              	73	6
FLOAT_LITERAL            	4.5            	73	8
MOD_OPERATOR             	%              	73	11
IDENTIFIER               	f              	73	12
POWER_OPERATOR           	^              	73	13
FLOAT_LITERAL            	-0.005         	73	14
DELIMITER                	$              	73	20
LET                      	let            	74	2
BOOL                     	bool           	74	6
IDENTIFIER               	a              	74	11
ASSIGN                   	=              	74	13
IDENTIFIER               	funcPrueba     	74	15
LEFT_PAREN               	є              	74	26
RIGHT_PAREN              	э              	74	29
DELIMITER                	$              	74	31
LET                      	let            	75	2
BOOL                     	bool           	75	6
IDENTIFIER               	bl0            	75	11
ASSIGN                   	=              	75	15
FLOAT_LITERAL            	6.7            	75	17
NOT_EQUAL                	!=             	75	21
FLOAT_LITERAL            	8.9            	75	24
DELIMITER                	$              	75	27
IDENTIFIER               	bl0            	76	2
ASSIGN                   	=              	76	6
BOOL_LITERAL             	True           	76	8
NOT_EQUAL                	!=             	76	13
BOOL_LITERAL             	False          	76	16
DELIMITER                	$              	76	21
LET                      	let            	77	2
BOOL                     	bool           	77	6
IDENTIFIER               	bl1            	77	11
ASSIGN                   	=              	77	15
IDENTIFIER               	f              	77	17
GREATER_EQUAL            	>=             	77	19
IDENTIFIER               	fl1            	77	22
OR                       	~              	77	26
BOOL_LITERAL             	False          	77	28
AND                      	@              	77	34
NOT                      	Σ              	77	36
LEFT_PAREN               	є              	77	38
IDENTIFIER               	func1          	77	40
LEFT_PAREN               	є              	77	46
RIGHT_PAREN              	э              	77	49
GREATER                  	>              	77	52
INT_LITERAL              	56             	77	54
RIGHT_PAREN              	э              	77	57
DELIMITER                	$              	77	59
LOOP                     	loop           	79	9
LET                      	let            	80	13
INT                      	int            	80	17
IDENTIFIER               	_i_            	80	21
DELIMITER                	$              	80	24
FOR                      	for            	81	13
IDENTIFIER               	_i_            	81	17
ASSIGN                   	=              	81	20
INT_LITERAL              	0              	81	22
DELIMITER                	$              	81	23
STEP                     	step           	81	25
INT_LITERAL              	1              	81	30
TO                       	to             	81	32
INT_LITERAL              	10             	81	35
DO                       	do             	81	38
LEFT_BLOCK               	¿              	81	42
OUTPUT                   	output         	81	44
IDENTIFIER               	_i_            	81	52
DELIMITER                	$              	81	57
RIGHT_BLOCK              	?              	81	59
EXIT                     	exit           	82	9
WHEN                     	when           	82	14
LEFT_PAREN               	є              	82	19
IDENTIFIER               	f              	82	21
INCREMENT                	++             	82	22
GREATER                  	>              	82	24
FLOAT_LITERAL            	12.2           	82	25
AND                      	@              	82	30
NOT                      	Σ              	82	32
LEFT_PAREN               	є              	82	34
INT_LITERAL              	12             	82	35
GREATER                  	>              	82	37
LEFT_PAREN               	є              	82	39
INT_LITERAL              	34             	82	41
PLUS_OPERATOR            	+              	82	43
INT_LITERAL              	35             	82	44
RIGHT_PAREN              	э              	82	47
RIGHT_PAREN              	э              	82	48
RIGHT_PAREN              	э              	82	51
DELIMITER                	$              	82	53
UNKNOWN                  	end            	83	2
LOOP                     	loop           	83	6
DELIMITER                	$              	83	10
RETURN                   	return         	85	2
DELIMITER                	$              	85	8
RIGHT_BLOCK              	?              	86	2
----------------------------------------------------------
=== FIN DEL ANÁLISIS ===
✓ Sin errores léxicos
